Migrating to CreateAccounts (20110702034504)
Migrating to CreateEntries (20110702155900)
Migrating to CreateCompanies (20110702205232)
Migrating to CreateExternalAccounts (20110703175035)
Migrating to CreateEntryAmounts (20110703182456)
Migrating to CreateAddresses (20110703183706)
Migrating to CreatePhoneNumbers (20110703183734)
Migrating to CreateEmails (20110703183823)
Migrating to CreateContacts (20110703183943)
Migrating to CreateTerms (20110807235056)
Migrating to CreateStatements (20110808225415)
Migrating to CreateBalances (20110811010422)


Started GET "/accounts/new" for 127.0.0.1 at 2011-08-13 20:26:25 -0400
  Processing by AccountsController#new as HTML
Rendered accounts/_form.haml (11.5ms)
Rendered accounts/new.html.haml within layouts/application (51.7ms)
Completed 200 OK in 253ms (Views: 234.5ms | ActiveRecord: 0.7ms)


Started GET "/s/js/jquery/jquery-1.4.2.min.js" for 127.0.0.1 at 2011-08-13 20:26:26 -0400

ActionController::RoutingError (No route matches [GET] "/s/js/jquery/jquery-1.4.2.min.js"):
  

Rendered vendor/ruby/1.9.1/bundler/gems/rails-cdf6251c0bfc/actionpack/lib/action_dispatch/middleware/templates/rescues/routing_error.erb within rescues/layout (0.8ms)


Started GET "/s/css/pkgs/yui-app-theme/css/red.css" for 127.0.0.1 at 2011-08-13 20:26:26 -0400

ActionController::RoutingError (No route matches [GET] "/s/css/pkgs/yui-app-theme/css/red.css"):
  

Rendered vendor/ruby/1.9.1/bundler/gems/rails-cdf6251c0bfc/actionpack/lib/action_dispatch/middleware/templates/rescues/routing_error.erb within rescues/layout (0.8ms)


Started GET "/s/js/jquery/plugins/jquery.url.js" for 127.0.0.1 at 2011-08-13 20:26:26 -0400

ActionController::RoutingError (No route matches [GET] "/s/js/jquery/plugins/jquery.url.js"):
  

Rendered vendor/ruby/1.9.1/bundler/gems/rails-cdf6251c0bfc/actionpack/lib/action_dispatch/middleware/templates/rescues/routing_error.erb within rescues/layout (0.8ms)


Started GET "/s/js/jquery/plugins/jquery.jselect.js" for 127.0.0.1 at 2011-08-13 20:26:26 -0400

ActionController::RoutingError (No route matches [GET] "/s/js/jquery/plugins/jquery.jselect.js"):
  

Rendered vendor/ruby/1.9.1/bundler/gems/rails-cdf6251c0bfc/actionpack/lib/action_dispatch/middleware/templates/rescues/routing_error.erb within rescues/layout (0.8ms)


Started GET "/s/css/pkgs/yui-app-theme/css/yuiapp.css" for 127.0.0.1 at 2011-08-13 20:26:26 -0400

ActiveRecord::ConnectionTimeoutError (could not obtain a database connection within 5 seconds.  The max pool size is currently 5; consider increasing it.):
  

Rendered vendor/ruby/1.9.1/bundler/gems/rails-cdf6251c0bfc/actionpack/lib/action_dispatch/middleware/templates/rescues/_trace.erb (1.4ms)
Rendered vendor/ruby/1.9.1/bundler/gems/rails-cdf6251c0bfc/actionpack/lib/action_dispatch/middleware/templates/rescues/_request_and_response.erb (1.3ms)
Rendered vendor/ruby/1.9.1/bundler/gems/rails-cdf6251c0bfc/actionpack/lib/action_dispatch/middleware/templates/rescues/diagnostics.erb within rescues/layout (5.9ms)


Started GET "/s/css/pkgs/yui-app-theme/css/yuiapp-layouts.css" for 127.0.0.1 at 2011-08-13 20:26:31 -0400

ActiveRecord::ConnectionTimeoutError (could not obtain a database connection within 5 seconds.  The max pool size is currently 5; consider increasing it.):
  

Rendered vendor/ruby/1.9.1/bundler/gems/rails-cdf6251c0bfc/actionpack/lib/action_dispatch/middleware/templates/rescues/_trace.erb (1.4ms)
Rendered vendor/ruby/1.9.1/bundler/gems/rails-cdf6251c0bfc/actionpack/lib/action_dispatch/middleware/templates/rescues/_request_and_response.erb (1.3ms)
Rendered vendor/ruby/1.9.1/bundler/gems/rails-cdf6251c0bfc/actionpack/lib/action_dispatch/middleware/templates/rescues/diagnostics.erb within rescues/layout (6.7ms)


Started GET "/stylesheets/jquery.datepick.css?1311544808" for 127.0.0.1 at 2011-08-13 20:26:36 -0400

ActionController::RoutingError (No route matches [GET] "/stylesheets/jquery.datepick.css"):
  

Rendered vendor/ruby/1.9.1/bundler/gems/rails-cdf6251c0bfc/actionpack/lib/action_dispatch/middleware/templates/rescues/routing_error.erb within rescues/layout (0.8ms)


Started GET "/stylesheets/regdel.css?1313273146" for 127.0.0.1 at 2011-08-13 20:26:36 -0400

ActionController::RoutingError (No route matches [GET] "/stylesheets/regdel.css"):
  

Rendered vendor/ruby/1.9.1/bundler/gems/rails-cdf6251c0bfc/actionpack/lib/action_dispatch/middleware/templates/rescues/routing_error.erb within rescues/layout (1.0ms)


Started GET "/javascripts/jquery.js?1310307909" for 127.0.0.1 at 2011-08-13 20:26:36 -0400

ActionController::RoutingError (No route matches [GET] "/javascripts/jquery.js"):
  

Rendered vendor/ruby/1.9.1/bundler/gems/rails-cdf6251c0bfc/actionpack/lib/action_dispatch/middleware/templates/rescues/routing_error.erb within rescues/layout (0.9ms)


Started GET "/javascripts/jquery_ujs.js?1310307904" for 127.0.0.1 at 2011-08-13 20:26:36 -0400

ActionController::RoutingError (No route matches [GET] "/javascripts/jquery_ujs.js"):
  

Rendered vendor/ruby/1.9.1/bundler/gems/rails-cdf6251c0bfc/actionpack/lib/action_dispatch/middleware/templates/rescues/routing_error.erb within rescues/layout (1.2ms)


Started GET "/javascripts/application.js?1311546432" for 127.0.0.1 at 2011-08-13 20:26:36 -0400

ActiveRecord::ConnectionTimeoutError (could not obtain a database connection within 5 seconds.  The max pool size is currently 5; consider increasing it.):
  

Rendered vendor/ruby/1.9.1/bundler/gems/rails-cdf6251c0bfc/actionpack/lib/action_dispatch/middleware/templates/rescues/_trace.erb (1.4ms)
Rendered vendor/ruby/1.9.1/bundler/gems/rails-cdf6251c0bfc/actionpack/lib/action_dispatch/middleware/templates/rescues/_request_and_response.erb (1.3ms)
Rendered vendor/ruby/1.9.1/bundler/gems/rails-cdf6251c0bfc/actionpack/lib/action_dispatch/middleware/templates/rescues/diagnostics.erb within rescues/layout (5.7ms)


Started GET "/javascripts/jquery.datepick.js" for 127.0.0.1 at 2011-08-13 20:26:41 -0400

ActiveRecord::ConnectionTimeoutError (could not obtain a database connection within 5 seconds.  The max pool size is currently 5; consider increasing it.):
  

Rendered vendor/ruby/1.9.1/bundler/gems/rails-cdf6251c0bfc/actionpack/lib/action_dispatch/middleware/templates/rescues/_trace.erb (1.4ms)
Rendered vendor/ruby/1.9.1/bundler/gems/rails-cdf6251c0bfc/actionpack/lib/action_dispatch/middleware/templates/rescues/_request_and_response.erb (1.2ms)
Rendered vendor/ruby/1.9.1/bundler/gems/rails-cdf6251c0bfc/actionpack/lib/action_dispatch/middleware/templates/rescues/diagnostics.erb within rescues/layout (5.5ms)


Started GET "/stylesheets/jquery.datepick.css" for 127.0.0.1 at 2011-08-13 20:26:46 -0400

ActionController::RoutingError (No route matches [GET] "/stylesheets/jquery.datepick.css"):
  

Rendered vendor/ruby/1.9.1/bundler/gems/rails-cdf6251c0bfc/actionpack/lib/action_dispatch/middleware/templates/rescues/routing_error.erb within rescues/layout (0.8ms)


Started GET "/s/js/regdel.js" for 127.0.0.1 at 2011-08-13 20:26:46 -0400

ActionController::RoutingError (No route matches [GET] "/s/js/regdel.js"):
  

Rendered vendor/ruby/1.9.1/bundler/gems/rails-cdf6251c0bfc/actionpack/lib/action_dispatch/middleware/templates/rescues/routing_error.erb within rescues/layout (1.7ms)


Started GET "/s/js/pkgs/jquery-tablesorter-app-theme/style.css" for 127.0.0.1 at 2011-08-13 20:26:46 -0400

ActionController::RoutingError (No route matches [GET] "/s/js/pkgs/jquery-tablesorter-app-theme/style.css"):
  

Rendered vendor/ruby/1.9.1/bundler/gems/rails-cdf6251c0bfc/actionpack/lib/action_dispatch/middleware/templates/rescues/routing_error.erb within rescues/layout (0.8ms)


Started GET "/s/js/accounts.js" for 127.0.0.1 at 2011-08-13 20:26:46 -0400

ActionController::RoutingError (No route matches [GET] "/s/js/accounts.js"):
  

Rendered vendor/ruby/1.9.1/bundler/gems/rails-cdf6251c0bfc/actionpack/lib/action_dispatch/middleware/templates/rescues/routing_error.erb within rescues/layout (1.0ms)


Started GET "/accounts/new" for 127.0.0.1 at 2011-08-13 20:26:56 -0400
  Processing by AccountsController#new as HTML
Rendered accounts/_form.haml (4.1ms)
Rendered accounts/new.html.haml within layouts/application (6.7ms)
Completed 200 OK in 10ms (Views: 8.9ms | ActiveRecord: 0.0ms)


Started GET "/stylesheets/jquery.datepick.css?1311544808" for 127.0.0.1 at 2011-08-13 20:26:56 -0400

ActionController::RoutingError (No route matches [GET] "/stylesheets/jquery.datepick.css"):
  

Rendered vendor/ruby/1.9.1/bundler/gems/rails-cdf6251c0bfc/actionpack/lib/action_dispatch/middleware/templates/rescues/routing_error.erb within rescues/layout (1.1ms)


Started GET "/javascripts/application.js?1311546432" for 127.0.0.1 at 2011-08-13 20:26:56 -0400

ActiveRecord::ConnectionTimeoutError (could not obtain a database connection within 5 seconds.  The max pool size is currently 5; consider increasing it.):
  

Rendered vendor/ruby/1.9.1/bundler/gems/rails-cdf6251c0bfc/actionpack/lib/action_dispatch/middleware/templates/rescues/_trace.erb (1.4ms)
Rendered vendor/ruby/1.9.1/bundler/gems/rails-cdf6251c0bfc/actionpack/lib/action_dispatch/middleware/templates/rescues/_request_and_response.erb (1.3ms)
Rendered vendor/ruby/1.9.1/bundler/gems/rails-cdf6251c0bfc/actionpack/lib/action_dispatch/middleware/templates/rescues/diagnostics.erb within rescues/layout (5.5ms)


Started GET "/stylesheets/regdel.css?1313273146" for 127.0.0.1 at 2011-08-13 20:27:01 -0400

ActionController::RoutingError (No route matches [GET] "/stylesheets/regdel.css"):
  

Rendered vendor/ruby/1.9.1/bundler/gems/rails-cdf6251c0bfc/actionpack/lib/action_dispatch/middleware/templates/rescues/routing_error.erb within rescues/layout (1.0ms)


Started GET "/javascripts/jquery_ujs.js?1310307904" for 127.0.0.1 at 2011-08-13 20:27:02 -0400

ActionController::RoutingError (No route matches [GET] "/javascripts/jquery_ujs.js"):
  

Rendered vendor/ruby/1.9.1/bundler/gems/rails-cdf6251c0bfc/actionpack/lib/action_dispatch/middleware/templates/rescues/routing_error.erb within rescues/layout (0.9ms)


Started GET "/javascripts/jquery.datepick.js" for 127.0.0.1 at 2011-08-13 20:27:02 -0400

ActiveRecord::ConnectionTimeoutError (could not obtain a database connection within 5 seconds.  The max pool size is currently 5; consider increasing it.):
  

Rendered vendor/ruby/1.9.1/bundler/gems/rails-cdf6251c0bfc/actionpack/lib/action_dispatch/middleware/templates/rescues/_trace.erb (1.4ms)
Rendered vendor/ruby/1.9.1/bundler/gems/rails-cdf6251c0bfc/actionpack/lib/action_dispatch/middleware/templates/rescues/_request_and_response.erb (1.3ms)
Rendered vendor/ruby/1.9.1/bundler/gems/rails-cdf6251c0bfc/actionpack/lib/action_dispatch/middleware/templates/rescues/diagnostics.erb within rescues/layout (5.6ms)


Started GET "/javascripts/jquery.js?1310307909" for 127.0.0.1 at 2011-08-13 20:27:07 -0400

ActionController::RoutingError (No route matches [GET] "/javascripts/jquery.js"):
  

Rendered vendor/ruby/1.9.1/bundler/gems/rails-cdf6251c0bfc/actionpack/lib/action_dispatch/middleware/templates/rescues/routing_error.erb within rescues/layout (1.7ms)


Started GET "/s/js/jquery/plugins/jquery.jselect.js" for 127.0.0.1 at 2011-08-13 20:28:26 -0400

ActionController::RoutingError (No route matches [GET] "/s/js/jquery/plugins/jquery.jselect.js"):
  

Rendered vendor/ruby/1.9.1/bundler/gems/rails-cdf6251c0bfc/actionpack/lib/action_dispatch/middleware/templates/rescues/routing_error.erb within rescues/layout (0.8ms)


Started GET "/s/js/jquery/plugins/jquery.url.js" for 127.0.0.1 at 2011-08-13 20:28:26 -0400

ActionController::RoutingError (No route matches [GET] "/s/js/jquery/plugins/jquery.url.js"):
  

Rendered vendor/ruby/1.9.1/bundler/gems/rails-cdf6251c0bfc/actionpack/lib/action_dispatch/middleware/templates/rescues/routing_error.erb within rescues/layout (0.8ms)


Started GET "/s/js/jquery/jquery-1.4.2.min.js" for 127.0.0.1 at 2011-08-13 20:28:26 -0400

ActionController::RoutingError (No route matches [GET] "/s/js/jquery/jquery-1.4.2.min.js"):
  

Rendered vendor/ruby/1.9.1/bundler/gems/rails-cdf6251c0bfc/actionpack/lib/action_dispatch/middleware/templates/rescues/routing_error.erb within rescues/layout (0.8ms)


Started GET "/stylesheets/jquery.datepick.css" for 127.0.0.1 at 2011-08-13 20:28:26 -0400


Started GET "/accounts/new" for 127.0.0.1 at 2011-08-13 20:28:49 -0400
  Processing by AccountsController#new as HTML
Rendered accounts/_form.haml (11.6ms)
Rendered accounts/new.html.haml within layouts/application (52.5ms)
Completed 200 OK in 270ms (Views: 251.1ms | ActiveRecord: 0.7ms)


Started GET "/entries/transfer_funds" for 127.0.0.1 at 2011-08-13 20:28:59 -0400
  Processing by EntriesController#transfer_funds as HTML
Rendered entries/_form.haml (203.0ms)
Rendered entries/new.html.haml within layouts/application (207.9ms)
Completed 200 OK in 257ms (Views: 216.8ms | ActiveRecord: 2.0ms)


Started GET "/accounts" for 127.0.0.1 at 2011-08-13 20:29:08 -0400
  Processing by AccountsController#index as HTML
Rendered accounts/index.html.haml within layouts/application (148.2ms)
Completed 200 OK in 152ms (Views: 146.8ms | ActiveRecord: 4.3ms)


Started GET "/customers" for 127.0.0.1 at 2011-08-13 20:29:10 -0400
  Processing by CustomersController#index as HTML
Rendered customers/index.html.haml within layouts/application (2.5ms)
Completed 200 OK in 17ms (Views: 14.4ms | ActiveRecord: 0.3ms)


Started GET "/accounts/new" for 127.0.0.1 at 2011-08-13 20:29:11 -0400
  Processing by AccountsController#new as HTML
Rendered accounts/_form.haml (5.4ms)
Rendered accounts/new.html.haml within layouts/application (8.3ms)
Completed 200 OK in 11ms (Views: 10.6ms | ActiveRecord: 0.0ms)


Started GET "/accounts/new" for 127.0.0.1 at 2011-08-13 20:29:12 -0400
  Processing by AccountsController#new as HTML
Rendered accounts/_form.haml (5.8ms)
Rendered accounts/new.html.haml within layouts/application (9.5ms)
Completed 200 OK in 14ms (Views: 12.5ms | ActiveRecord: 0.0ms)


Started GET "/accounts/new" for 127.0.0.1 at 2011-08-13 20:29:13 -0400
  Processing by AccountsController#new as HTML
Rendered accounts/_form.haml (4.1ms)
Rendered accounts/new.html.haml within layouts/application (7.0ms)
Completed 200 OK in 10ms (Views: 9.3ms | ActiveRecord: 0.0ms)


Started GET "/entries/write_check" for 127.0.0.1 at 2011-08-13 20:29:14 -0400
  Processing by EntriesController#write_check as HTML
Rendered entries/_form.haml (5.5ms)
Rendered entries/new.html.haml within layouts/application (8.0ms)
Completed 200 OK in 19ms (Views: 10.6ms | ActiveRecord: 0.7ms)


Started GET "/entries/write_check" for 127.0.0.1 at 2011-08-13 20:29:15 -0400
  Processing by EntriesController#write_check as HTML
Rendered entries/_form.haml (5.9ms)
Rendered entries/new.html.haml within layouts/application (9.6ms)
Completed 200 OK in 16ms (Views: 12.1ms | ActiveRecord: 0.7ms)


Started GET "/entries/transfer_funds" for 127.0.0.1 at 2011-08-13 20:29:15 -0400
  Processing by EntriesController#transfer_funds as HTML
Rendered entries/_form.haml (5.4ms)
Rendered entries/new.html.haml within layouts/application (7.7ms)
Completed 200 OK in 13ms (Views: 10.1ms | ActiveRecord: 0.4ms)


Started GET "/entries" for 127.0.0.1 at 2011-08-13 20:29:16 -0400
  Processing by EntriesController#index as HTML
Rendered entries/_entries_table.haml (4.5ms)
Rendered entries/index.html.haml within layouts/application (7.5ms)
Completed 200 OK in 12ms (Views: 10.4ms | ActiveRecord: 0.3ms)


Started GET "/" for 127.0.0.1 at 2011-08-13 20:29:17 -0400
  Processing by AccountsController#index as HTML
Rendered accounts/index.html.haml within layouts/application (31.2ms)
Completed 200 OK in 35ms (Views: 29.5ms | ActiveRecord: 4.4ms)


Started GET "/s/js/pkgs/shjs/shjs-0.6/sh_main.min.js" for 127.0.0.1 at 2011-08-13 20:29:17 -0400

ActionController::RoutingError (No route matches [GET] "/s/js/pkgs/shjs/shjs-0.6/sh_main.min.js"):
  

Rendered vendor/ruby/1.9.1/bundler/gems/rails-cdf6251c0bfc/actionpack/lib/action_dispatch/middleware/templates/rescues/routing_error.erb within rescues/layout (5.5ms)


Started GET "/s/js/pkgs/shjs/shjs-0.6/css/sh_vim-dark.min.css" for 127.0.0.1 at 2011-08-13 20:29:17 -0400

ActionController::RoutingError (No route matches [GET] "/s/js/pkgs/shjs/shjs-0.6/css/sh_vim-dark.min.css"):
  

Rendered vendor/ruby/1.9.1/bundler/gems/rails-cdf6251c0bfc/actionpack/lib/action_dispatch/middleware/templates/rescues/routing_error.erb within rescues/layout (0.8ms)


Started GET "/entries/write_check" for 127.0.0.1 at 2011-08-13 20:29:18 -0400
  Processing by EntriesController#write_check as HTML
Rendered entries/_form.haml (6.2ms)
Rendered entries/new.html.haml within layouts/application (8.7ms)
Completed 200 OK in 19ms (Views: 11.2ms | ActiveRecord: 0.9ms)


Started GET "/entries/transfer_funds" for 127.0.0.1 at 2011-08-13 20:29:19 -0400
  Processing by EntriesController#transfer_funds as HTML
Rendered entries/_form.haml (5.6ms)
Rendered entries/new.html.haml within layouts/application (7.9ms)
Completed 200 OK in 16ms (Views: 10.2ms | ActiveRecord: 0.4ms)


Started GET "/entries/write_check" for 127.0.0.1 at 2011-08-13 20:29:20 -0400
  Processing by EntriesController#write_check as HTML
Rendered entries/_form.haml (5.5ms)
Rendered entries/new.html.haml within layouts/application (7.9ms)
Completed 200 OK in 20ms (Views: 10.2ms | ActiveRecord: 3.7ms)


Started GET "/entries/write_check" for 127.0.0.1 at 2011-08-13 20:29:21 -0400
  Processing by EntriesController#write_check as HTML
Rendered entries/_form.haml (8.2ms)
Rendered entries/new.html.haml within layouts/application (10.5ms)
Completed 200 OK in 21ms (Views: 13.1ms | ActiveRecord: 1.4ms)


Started GET "/accounts" for 127.0.0.1 at 2011-08-13 20:29:22 -0400
  Processing by AccountsController#index as HTML
Rendered accounts/index.html.haml within layouts/application (30.2ms)
Completed 200 OK in 35ms (Views: 28.6ms | ActiveRecord: 4.7ms)


Started GET "/customers" for 127.0.0.1 at 2011-08-13 20:29:23 -0400
  Processing by CustomersController#index as HTML
Rendered customers/index.html.haml within layouts/application (1.0ms)
Completed 200 OK in 5ms (Views: 3.4ms | ActiveRecord: 0.4ms)


Started GET "/accounts/new" for 127.0.0.1 at 2011-08-13 20:29:25 -0400
  Processing by AccountsController#new as HTML
Rendered accounts/_form.haml (3.9ms)
Rendered accounts/new.html.haml within layouts/application (6.6ms)
Completed 200 OK in 10ms (Views: 8.8ms | ActiveRecord: 0.0ms)


Started GET "/accounts/new" for 127.0.0.1 at 2011-08-13 20:29:32 -0400
  Processing by AccountsController#new as HTML
Rendered accounts/_form.haml (3.8ms)
Rendered accounts/new.html.haml within layouts/application (8.0ms)
Completed 200 OK in 13ms (Views: 11.0ms | ActiveRecord: 0.0ms)


Started GET "/accounts/new" for 127.0.0.1 at 2011-08-13 20:29:35 -0400
  Processing by AccountsController#new as HTML
Rendered accounts/_form.haml (7.6ms)
Rendered accounts/new.html.haml within layouts/application (12.8ms)
Completed 200 OK in 18ms (Views: 16.0ms | ActiveRecord: 0.0ms)


Started GET "/regdel/runtime/info" for 127.0.0.1 at 2011-08-13 20:29:36 -0400

ActionController::RoutingError (No route matches [GET] "/regdel/runtime/info"):
  

Rendered vendor/ruby/1.9.1/bundler/gems/rails-cdf6251c0bfc/actionpack/lib/action_dispatch/middleware/templates/rescues/routing_error.erb within rescues/layout (0.8ms)


Started GET "/regdel/runtime/info" for 127.0.0.1 at 2011-08-13 20:29:37 -0400

ActionController::RoutingError (No route matches [GET] "/regdel/runtime/info"):
  

Rendered vendor/ruby/1.9.1/bundler/gems/rails-cdf6251c0bfc/actionpack/lib/action_dispatch/middleware/templates/rescues/routing_error.erb within rescues/layout (0.8ms)


Started GET "/regdel/runtime/info" for 127.0.0.1 at 2011-08-13 20:29:39 -0400

ActionController::RoutingError (No route matches [GET] "/regdel/runtime/info"):
  

Rendered vendor/ruby/1.9.1/bundler/gems/rails-cdf6251c0bfc/actionpack/lib/action_dispatch/middleware/templates/rescues/routing_error.erb within rescues/layout (0.8ms)


Started GET "/customers" for 127.0.0.1 at 2011-08-13 20:29:40 -0400
  Processing by CustomersController#index as HTML
Rendered customers/index.html.haml within layouts/application (1.0ms)
Completed 200 OK in 6ms (Views: 4.4ms | ActiveRecord: 0.3ms)


Started GET "/customers" for 127.0.0.1 at 2011-08-13 20:29:41 -0400
  Processing by CustomersController#index as HTML
Rendered customers/index.html.haml within layouts/application (0.9ms)
Completed 200 OK in 5ms (Views: 3.6ms | ActiveRecord: 0.4ms)


Started GET "/entries/write_check" for 127.0.0.1 at 2011-08-13 20:29:42 -0400
  Processing by EntriesController#write_check as HTML
Rendered entries/_form.haml (5.7ms)
Rendered entries/new.html.haml within layouts/application (8.2ms)
Completed 200 OK in 15ms (Views: 10.6ms | ActiveRecord: 1.1ms)


Started GET "/entries/write_check" for 127.0.0.1 at 2011-08-13 20:29:42 -0400
  Processing by EntriesController#write_check as HTML
Rendered entries/_form.haml (6.1ms)
Rendered entries/new.html.haml within layouts/application (8.9ms)
Completed 200 OK in 21ms (Views: 11.5ms | ActiveRecord: 1.6ms)


Started GET "/entries/transfer_funds" for 127.0.0.1 at 2011-08-13 20:29:44 -0400
  Processing by EntriesController#transfer_funds as HTML
Rendered entries/_form.haml (5.9ms)
Rendered entries/new.html.haml within layouts/application (8.3ms)
Completed 200 OK in 16ms (Views: 12.3ms | ActiveRecord: 0.4ms)


Started GET "/entries" for 127.0.0.1 at 2011-08-13 20:29:45 -0400
  Processing by EntriesController#index as HTML
Rendered entries/_entries_table.haml (1.0ms)
Rendered entries/index.html.haml within layouts/application (2.0ms)
Completed 200 OK in 5ms (Views: 4.1ms | ActiveRecord: 0.3ms)


Started GET "/" for 127.0.0.1 at 2011-08-13 20:29:45 -0400
  Processing by AccountsController#index as HTML
Rendered accounts/index.html.haml within layouts/application (31.5ms)
Completed 200 OK in 35ms (Views: 29.3ms | ActiveRecord: 4.8ms)


Started GET "/s/js/pkgs/shjs/shjs-0.6/sh_main.min.js" for 127.0.0.1 at 2011-08-13 20:29:45 -0400

ActionController::RoutingError (No route matches [GET] "/s/js/pkgs/shjs/shjs-0.6/sh_main.min.js"):
  

Rendered vendor/ruby/1.9.1/bundler/gems/rails-cdf6251c0bfc/actionpack/lib/action_dispatch/middleware/templates/rescues/routing_error.erb within rescues/layout (0.8ms)


Started GET "/s/js/pkgs/shjs/shjs-0.6/css/sh_vim-dark.min.css" for 127.0.0.1 at 2011-08-13 20:29:45 -0400

ActionController::RoutingError (No route matches [GET] "/s/js/pkgs/shjs/shjs-0.6/css/sh_vim-dark.min.css"):
  

Rendered vendor/ruby/1.9.1/bundler/gems/rails-cdf6251c0bfc/actionpack/lib/action_dispatch/middleware/templates/rescues/routing_error.erb within rescues/layout (2.7ms)


Started GET "/entries" for 127.0.0.1 at 2011-08-13 20:29:56 -0400
  Processing by EntriesController#index as HTML
Rendered entries/_entries_table.haml (0.7ms)
Rendered entries/index.html.haml within layouts/application (1.6ms)
Completed 200 OK in 5ms (Views: 3.9ms | ActiveRecord: 0.2ms)


Started GET "/entries/transfer_funds" for 127.0.0.1 at 2011-08-13 20:29:58 -0400
  Processing by EntriesController#transfer_funds as HTML
Rendered entries/_form.haml (5.6ms)
Rendered entries/new.html.haml within layouts/application (8.5ms)
Completed 200 OK in 22ms (Views: 11.8ms | ActiveRecord: 0.8ms)


Started GET "/entries" for 127.0.0.1 at 2011-08-13 20:29:58 -0400
  Processing by EntriesController#index as HTML
Rendered entries/_entries_table.haml (0.7ms)
Rendered entries/index.html.haml within layouts/application (1.6ms)
Completed 200 OK in 4ms (Views: 3.7ms | ActiveRecord: 0.2ms)
